SHELL=/bin/bash
SESSION_MANAGER=local/ThinkPad:@/tmp/.ICE-unix/2933,unix/ThinkPad:/tmp/.ICE-unix/2933
QT_ACCESSIBILITY=1
COLORTERM=truecolor
XDG_CONFIG_DIRS=/etc/xdg/xdg-ubuntu:/etc/xdg
PYTHONUNBUFFERED=1
XDG_MENU_PREFIX=gnome-
GNOME_DESKTOP_SESSION_ID=this-is-deprecated
PYCHARM_DISPLAY_PORT=63342
TERMINATOR_DBUS_PATH=/net/tenshu/Terminator2
LC_ADDRESS=et_EE.UTF-8
GNOME_SHELL_SESSION_MODE=ubuntu
LC_NAME=et_EE.UTF-8
SSH_AUTH_SOCK=/run/user/1000/keyring/ssh
TERMINATOR_UUID=urn:uuid:2db1f6c4-94e8-4a4e-995b-2fff7e14f933
XMODIFIERS=@im=ibus
DESKTOP_SESSION=ubuntu
LC_MONETARY=et_EE.UTF-8
SSH_AGENT_PID=2895
GTK_MODULES=gail:atk-bridge
PWD=/home/laima/Desktop/SSTSS Tool 1st september/InterfaceProject
LOGNAME=laima
XDG_SESSION_DESKTOP=ubuntu
XDG_SESSION_TYPE=x11
GPG_AGENT_INFO=/run/user/1000/gnupg/S.gpg-agent:0:1
_=/usr/bin/printenv
XAUTHORITY=/run/user/1000/gdm/Xauthority
GJS_DEBUG_TOPICS=JS ERROR;JS LOG
WINDOWPATH=2
HOME=/home/laima
USERNAME=laima
IM_CONFIG_PHASE=1
LANG=en_US.UTF-8
LC_PAPER=et_EE.UTF-8
XDG_CURRENT_DESKTOP=ubuntu:GNOME
VIRTUAL_ENV=/home/laima/Desktop/InterfaceProject/venv
VTE_VERSION=6003
INVOCATION_ID=9edaa80476e14df8a4783962648ce603
TERMINATOR_DBUS_NAME=net.tenshu.Terminator23558193cd9818af7fe4d2c2f5bd9d00f
MANAGERPID=2666
GJS_DEBUG_OUTPUT=stderr
XDG_SESSION_CLASS=user
PYTHONPATH=/home/laima/Desktop/SSTSS Tool 1st september/InterfaceProject:/home/laima/Documents/pycharm-2023.1.1/plugins/python/helpers/pycharm_matplotlib_backend:/home/laima/Documents/pycharm-2023.1.1/plugins/python/helpers/pycharm_display
LC_IDENTIFICATION=et_EE.UTF-8
TERM=xterm-256color
USER=laima
PYTHONIOENCODING=UTF-8
DISPLAY=:1
SHLVL=1
LC_TELEPHONE=et_EE.UTF-8
QT_IM_MODULE=ibus
LC_MEASUREMENT=et_EE.UTF-8
XDG_RUNTIME_DIR=/run/user/1000
LC_TIME=et_EE.UTF-8
JOURNAL_STREAM=8:79905
XDG_DATA_DIRS=/usr/share/ubuntu:/usr/local/share/:/usr/share/:/var/lib/snapd/desktop
PATH=/home/laima/Desktop/InterfaceProject/venv/bin:/home/laima/.local/bin:/usr/local/sbin:/usr/local/bin:/usr/sbin:/usr/bin:/sbin:/bin:/usr/games:/usr/local/games:/snap/bin
GDMSESSION=ubuntu
DBUS_SESSION_BUS_ADDRESS=unix:path=/run/user/1000/bus
PYCHARM_HOSTED=1
GIO_LAUNCHED_DESKTOP_FILE_PID=5553
GIO_LAUNCHED_DESKTOP_FILE=/home/laima/.local/share/applications/pycharm.desktop
LC_NUMERIC=et_EE.UTF-8
