SHELL=/bin/bash
ROS_VERSION=1
SESSION_MANAGER=local/ThinkPad:@/tmp/.ICE-unix/2933,unix/ThinkPad:/tmp/.ICE-unix/2933
QT_ACCESSIBILITY=1
COLORTERM=truecolor
XDG_CONFIG_DIRS=/etc/xdg/xdg-ubuntu:/etc/xdg
PYTHONUNBUFFERED=1
XDG_MENU_PREFIX=gnome-
GNOME_DESKTOP_SESSION_ID=this-is-deprecated
PKG_CONFIG_PATH=/home/laima/Documents/autoware_mini_ws/devel/lib/pkgconfig:/opt/ros/noetic/lib/pkgconfig
ROS_PYTHON_VERSION=3
PYCHARM_DISPLAY_PORT=63342
TERMINATOR_DBUS_PATH=/net/tenshu/Terminator2
LC_ADDRESS=et_EE.UTF-8
GNOME_SHELL_SESSION_MODE=ubuntu
LC_NAME=et_EE.UTF-8
SSH_AUTH_SOCK=/run/user/1000/keyring/ssh
TERMINATOR_UUID=urn:uuid:2db1f6c4-94e8-4a4e-995b-2fff7e14f933
XMODIFIERS=@im=ibus
DESKTOP_SESSION=ubuntu
LC_MONETARY=et_EE.UTF-8
SSH_AGENT_PID=2895
ROS_PACKAGE_PATH=/home/laima/Documents/autoware_mini_ws/src/autoware_mini:/home/laima/Documents/autoware_mini_ws/src/carla_ros_bridge/carla_ackermann_control:/home/laima/Documents/autoware_mini_ws/src/carla_ros_bridge/carla_ad_agent:/home/laima/Documents/autoware_mini_ws/src/carla_ros_bridge/carla_ad_demo:/home/laima/Documents/autoware_mini_ws/src/carla_ros_bridge/carla_common:/home/laima/Documents/autoware_mini_ws/src/carla_ros_bridge/carla_manual_control:/home/laima/Documents/autoware_mini_ws/src/carla_ros_bridge/carla_msgs:/home/laima/Documents/autoware_mini_ws/src/carla_ros_bridge/carla_ackermann_msgs:/home/laima/Documents/autoware_mini_ws/src/carla_ros_bridge/carla_ros_bridge:/home/laima/Documents/autoware_mini_ws/src/carla_ros_bridge/carla_ros_scenario_runner:/home/laima/Documents/autoware_mini_ws/src/carla_ros_bridge/carla_ros_scenario_runner_types:/home/laima/Documents/autoware_mini_ws/src/carla_ros_bridge/carla_spawn_objects:/home/laima/Documents/autoware_mini_ws/src/carla_ros_bridge/carla_twist_to_control:/home/laima/Documents/autoware_mini_ws/src/carla_ros_bridge/carla_walker_agent:/home/laima/Documents/autoware_mini_ws/src/carla_ros_bridge/carla_waypoint_publisher:/home/laima/Documents/autoware_mini_ws/src/carla_ros_bridge/carla_waypoint_types:/home/laima/Documents/autoware_mini_ws/src/carla_ros_bridge/pcl_recorder:/home/laima/Documents/autoware_mini_ws/src/carla_ros_bridge/ros_compatibility:/home/laima/Documents/autoware_mini_ws/src/carla_ros_bridge/rqt_carla_control:/home/laima/Documents/autoware_mini_ws/src/carla_ros_bridge/rviz_carla_plugin:/home/laima/Documents/autoware_mini_ws/src/vehicle_platform:/opt/ros/noetic/share
GTK_MODULES=gail:atk-bridge
ROSLISP_PACKAGE_DIRECTORIES=/home/laima/Documents/autoware_mini_ws/devel/share/common-lisp
PWD=/home/laima/Desktop/SSTSS Tool 1st september/InterfaceProject
LOGNAME=laima
XDG_SESSION_DESKTOP=ubuntu
XDG_SESSION_TYPE=x11
GPG_AGENT_INFO=/run/user/1000/gnupg/S.gpg-agent:0:1
XAUTHORITY=/run/user/1000/gdm/Xauthority
GJS_DEBUG_TOPICS=JS ERROR;JS LOG
WINDOWPATH=2
HOME=/home/laima
USERNAME=laima
IM_CONFIG_PHASE=1
LANG=en_US.UTF-8
LC_PAPER=et_EE.UTF-8
ROS_ETC_DIR=/opt/ros/noetic/etc/ros
XDG_CURRENT_DESKTOP=ubuntu:GNOME
VIRTUAL_ENV=/home/laima/Desktop/InterfaceProject/venv
VTE_VERSION=6003
CMAKE_PREFIX_PATH=/home/laima/Documents/autoware_mini_ws/devel:/opt/ros/noetic
INVOCATION_ID=9edaa80476e14df8a4783962648ce603
TERMINATOR_DBUS_NAME=net.tenshu.Terminator23558193cd9818af7fe4d2c2f5bd9d00f
MANAGERPID=2666
GJS_DEBUG_OUTPUT=stderr
XDG_SESSION_CLASS=user
PYTHONPATH=/home/laima/Documents/autoware_mini_ws/devel/lib/python3/dist-packages:/opt/ros/noetic/lib/python3/dist-packages:/home/laima/Desktop/SSTSS Tool 1st september/InterfaceProject:/home/laima/Documents/pycharm-2023.1.1/plugins/python/helpers/pycharm_matplotlib_backend:/home/laima/Documents/pycharm-2023.1.1/plugins/python/helpers/pycharm_display
LC_IDENTIFICATION=et_EE.UTF-8
TERM=xterm-256color
USER=laima
PYTHONIOENCODING=UTF-8
DISPLAY=:1
SHLVL=1
LC_TELEPHONE=et_EE.UTF-8
ROS_MASTER_URI=http://localhost:11311
QT_IM_MODULE=ibus
LC_MEASUREMENT=et_EE.UTF-8
LD_LIBRARY_PATH=/home/laima/Documents/autoware_mini_ws/devel/lib:/opt/ros/noetic/lib:/opt/ros/noetic/lib/x86_64-linux-gnu
XDG_RUNTIME_DIR=/run/user/1000
LC_TIME=et_EE.UTF-8
JOURNAL_STREAM=8:79905
XDG_DATA_DIRS=/usr/share/ubuntu:/usr/local/share/:/usr/share/:/var/lib/snapd/desktop
PATH=/opt/ros/noetic/bin:/home/laima/Desktop/InterfaceProject/venv/bin:/home/laima/.local/bin:/usr/local/sbin:/usr/local/bin:/usr/sbin:/usr/bin:/sbin:/bin:/usr/games:/usr/local/games:/snap/bin
GDMSESSION=ubuntu
DBUS_SESSION_BUS_ADDRESS=unix:path=/run/user/1000/bus
PYCHARM_HOSTED=1
ROS_ROOT=/opt/ros/noetic/share/ros
ROS_DISTRO=noetic
GIO_LAUNCHED_DESKTOP_FILE_PID=5553
GIO_LAUNCHED_DESKTOP_FILE=/home/laima/.local/share/applications/pycharm.desktop
LC_NUMERIC=et_EE.UTF-8
_=/usr/bin/printenv
